0 info it worked if it ends with ok
1 verbose cli [ 'c:\\Program Files\\nodejs\\node.exe',
1 verbose cli   'c:\\Program Files\\nodejs\\node_modules\\npm\\bin\\npm-cli.js',
1 verbose cli   'install',
1 verbose cli   'angular-static-seo',
1 verbose cli   '--save' ]
2 info using npm@1.3.24
3 info using node@v0.10.25
4 warn package.json tmdt@0.0.0 No repository field.
5 warn package.json static@2.0.0 No repository field.
6 verbose readDependencies using package.json deps
7 verbose cache add [ 'angular-static-seo', null ]
8 verbose cache add name=undefined spec="angular-static-seo" args=["angular-static-seo",null]
9 verbose parsed url { protocol: null,
9 verbose parsed url   slashes: null,
9 verbose parsed url   auth: null,
9 verbose parsed url   host: null,
9 verbose parsed url   port: null,
9 verbose parsed url   hostname: null,
9 verbose parsed url   hash: null,
9 verbose parsed url   search: null,
9 verbose parsed url   query: null,
9 verbose parsed url   pathname: 'angular-static-seo',
9 verbose parsed url   path: 'angular-static-seo',
9 verbose parsed url   href: 'angular-static-seo' }
10 silly lockFile e283e77c-angular-static-seo angular-static-seo
11 verbose lock angular-static-seo C:\Users\Headoo Allinone02\AppData\Roaming\npm-cache\e283e77c-angular-static-seo.lock
12 silly lockFile e283e77c-angular-static-seo angular-static-seo
13 silly lockFile e283e77c-angular-static-seo angular-static-seo
14 verbose addNamed [ 'angular-static-seo', '' ]
15 verbose addNamed [ null, '*' ]
16 silly lockFile 1aab3629-angular-static-seo angular-static-seo@
17 verbose lock angular-static-seo@ C:\Users\Headoo Allinone02\AppData\Roaming\npm-cache\1aab3629-angular-static-seo.lock
18 silly addNameRange { name: 'angular-static-seo', range: '*', hasData: false }
19 verbose url raw angular-static-seo
20 verbose url resolving [ 'https://registry.npmjs.org/', './angular-static-seo' ]
21 verbose url resolved https://registry.npmjs.org/angular-static-seo
22 info trying registry request attempt 1 at 14:50:17
23 http GET https://registry.npmjs.org/angular-static-seo
24 http 404 https://registry.npmjs.org/angular-static-seo
25 silly registry.get cb [ 404,
25 silly registry.get   { date: 'Fri, 30 Jan 2015 13:50:23 GMT',
25 silly registry.get     server: 'CouchDB/1.5.0 (Erlang OTP/R16B03)',
25 silly registry.get     'content-type': 'application/json',
25 silly registry.get     'cache-control': 'max-age=0',
25 silly registry.get     'content-length': '52',
25 silly registry.get     'accept-ranges': 'bytes',
25 silly registry.get     via: '1.1 varnish',
25 silly registry.get     age: '0',
25 silly registry.get     'x-served-by': 'cache-lhr6335-LHR',
25 silly registry.get     'x-cache': 'MISS',
25 silly registry.get     'x-cache-hits': '0',
25 silly registry.get     'x-timer': 'S1422625822.897144,VS0,VE623',
25 silly registry.get     'keep-alive': 'timeout=10, max=50',
25 silly registry.get     connection: 'Keep-Alive' } ]
26 silly lockFile 1aab3629-angular-static-seo angular-static-seo@
27 silly lockFile 1aab3629-angular-static-seo angular-static-seo@
28 error 404 'angular-static-seo' is not in the npm registry.
28 error 404 You should bug the author to publish it
28 error 404 It was specified as a dependency of 'tmdt'
28 error 404
28 error 404 Note that you can also install from a
28 error 404 tarball, folder, or http url, or git url.
29 error System Windows_NT 6.2.9200
30 error command "c:\\Program Files\\nodejs\\node.exe" "c:\\Program Files\\nodejs\\node_modules\\npm\\bin\\npm-cli.js" "install" "angular-static-seo" "--save"
31 error cwd c:\wamp\www\tmdt\web
32 error node -v v0.10.25
33 error npm -v 1.3.24
34 error code E404
35 verbose exit [ 1, true ]
